{"/Users/keventonguimaraes/Documents/dev/rocketseat/nodejs/node-primeira-api/src/app.ts": {"path":"/Users/keventonguimaraes/Documents/dev/rocketseat/nodejs/node-primeira-api/src/app.ts","statementMap":{"0":{"start":{"line":16,"column":6},"end":{"line":18,"column":null}},"1":{"start":{"line":20,"column":0},"end":{"line":37,"column":null}},"2":{"start":{"line":21,"column":2},"end":{"line":29,"column":null}},"3":{"start":{"line":31,"column":2},"end":{"line":36,"column":null}},"4":{"start":{"line":43,"column":0},"end":{"line":43,"column":null}},"5":{"start":{"line":44,"column":0},"end":{"line":44,"column":null}},"6":{"start":{"line":45,"column":0},"end":{"line":45,"column":null}},"7":{"start":{"line":46,"column":0},"end":{"line":46,"column":null}},"8":{"start":{"line":48,"column":0},"end":{"line":48,"column":null}},"9":{"start":{"line":49,"column":0},"end":{"line":49,"column":null}}},"fnMap":{},"branchMap":{"0":{"loc":{"start":{"line":20,"column":0},"end":{"line":37,"column":null}},"type":"if","locations":[{"start":{"line":20,"column":0},"end":{"line":37,"column":null}},{"start":{},"end":{}}],"line":20}},"s":{"0":4,"1":4,"2":0,"3":0,"4":4,"5":4,"6":4,"7":4,"8":4,"9":4},"f":{},"b":{"0":[0,4]},"meta":{"lastBranch":1,"lastFunction":0,"lastStatement":10,"seen":{"s:16:6:18:Infinity":0,"b:20:0:37:Infinity:undefined:undefined:undefined:undefined":0,"s:20:0:37:Infinity":1,"s:21:2:29:Infinity":2,"s:31:2:36:Infinity":3,"s:43:0:43:Infinity":4,"s:44:0:44:Infinity":5,"s:45:0:45:Infinity":6,"s:46:0:46:Infinity":7,"s:48:0:48:Infinity":8,"s:49:0:49:Infinity":9}}}
,"/Users/keventonguimaraes/Documents/dev/rocketseat/nodejs/node-primeira-api/src/database/client.ts": {"path":"/Users/keventonguimaraes/Documents/dev/rocketseat/nodejs/node-primeira-api/src/database/client.ts","statementMap":{"0":{"start":{"line":3,"column":13},"end":{"line":5,"column":null}}},"fnMap":{},"branchMap":{"0":{"loc":{"start":{"line":4,"column":10},"end":{"line":4,"column":null}},"type":"cond-expr","locations":[{"start":{"line":4,"column":51},"end":{"line":4,"column":58}},{"start":{"line":4,"column":58},"end":{"line":4,"column":null}}],"line":4}},"s":{"0":4},"f":{},"b":{"0":[0,4]},"meta":{"lastBranch":1,"lastFunction":0,"lastStatement":1,"seen":{"s:3:13:5:Infinity":0,"b:4:51:4:58:4:58:4:Infinity":0}}}
,"/Users/keventonguimaraes/Documents/dev/rocketseat/nodejs/node-primeira-api/src/database/schema.ts": {"path":"/Users/keventonguimaraes/Documents/dev/rocketseat/nodejs/node-primeira-api/src/database/schema.ts","statementMap":{"0":{"start":{"line":7,"column":13},"end":{"line":7,"column":null}},"1":{"start":{"line":9,"column":13},"end":{"line":15,"column":null}},"2":{"start":{"line":17,"column":13},"end":{"line":21,"column":null}},"3":{"start":{"line":23,"column":13},"end":{"line":32,"column":null}},"4":{"start":{"line":27,"column":36},"end":{"line":27,"column":44}},"5":{"start":{"line":28,"column":38},"end":{"line":28,"column":48}},"6":{"start":{"line":31,"column":13},"end":{"line":31,"column":null}}},"fnMap":{"0":{"name":"(anonymous_0)","decl":{"start":{"line":27,"column":30},"end":{"line":27,"column":36}},"loc":{"start":{"line":27,"column":36},"end":{"line":27,"column":44}},"line":27},"1":{"name":"(anonymous_1)","decl":{"start":{"line":28,"column":32},"end":{"line":28,"column":38}},"loc":{"start":{"line":28,"column":38},"end":{"line":28,"column":48}},"line":28},"2":{"name":"(anonymous_2)","decl":{"start":{"line":31,"column":2},"end":{"line":31,"column":3}},"loc":{"start":{"line":31,"column":13},"end":{"line":31,"column":null}},"line":31}},"branchMap":{},"s":{"0":4,"1":4,"2":4,"3":4,"4":0,"5":0,"6":0},"f":{"0":0,"1":0,"2":0},"b":{},"meta":{"lastBranch":0,"lastFunction":3,"lastStatement":7,"seen":{"s:7:13:7:Infinity":0,"s:9:13:15:Infinity":1,"s:17:13:21:Infinity":2,"s:23:13:32:Infinity":3,"f:27:30:27:36":0,"s:27:36:27:44":4,"f:28:32:28:38":1,"s:28:38:28:48":5,"f:31:2:31:3":2,"s:31:13:31:Infinity":6}}}
,"/Users/keventonguimaraes/Documents/dev/rocketseat/nodejs/node-primeira-api/src/routes/create-course.ts": {"path":"/Users/keventonguimaraes/Documents/dev/rocketseat/nodejs/node-primeira-api/src/routes/create-course.ts","statementMap":{"0":{"start":{"line":8,"column":56},"end":{"line":41,"column":null}},"1":{"start":{"line":9,"column":2},"end":{"line":40,"column":null}},"2":{"start":{"line":30,"column":26},"end":{"line":30,"column":null}},"3":{"start":{"line":32,"column":21},"end":{"line":37,"column":null}},"4":{"start":{"line":38,"column":6},"end":{"line":38,"column":null}}},"fnMap":{"0":{"name":"(anonymous_0)","decl":{"start":{"line":8,"column":56},"end":{"line":8,"column":63}},"loc":{"start":{"line":8,"column":74},"end":{"line":41,"column":null}},"line":8},"1":{"name":"(anonymous_1)","decl":{"start":{"line":29,"column":4},"end":{"line":29,"column":11}},"loc":{"start":{"line":29,"column":30},"end":{"line":39,"column":null}},"line":29}},"branchMap":{},"s":{"0":4,"1":4,"2":1,"3":1,"4":1},"f":{"0":4,"1":1},"b":{},"meta":{"lastBranch":0,"lastFunction":2,"lastStatement":5,"seen":{"s:8:56:41:Infinity":0,"f:8:56:8:63":0,"s:9:2:40:Infinity":1,"f:29:4:29:11":1,"s:30:26:30:Infinity":2,"s:32:21:37:Infinity":3,"s:38:6:38:Infinity":4}}}
,"/Users/keventonguimaraes/Documents/dev/rocketseat/nodejs/node-primeira-api/src/routes/get-course-by-id.ts": {"path":"/Users/keventonguimaraes/Documents/dev/rocketseat/nodejs/node-primeira-api/src/routes/get-course-by-id.ts","statementMap":{"0":{"start":{"line":9,"column":57},"end":{"line":55,"column":null}},"1":{"start":{"line":10,"column":2},"end":{"line":54,"column":null}},"2":{"start":{"line":39,"column":12},"end":{"line":39,"column":null}},"3":{"start":{"line":41,"column":23},"end":{"line":41,"column":null}},"4":{"start":{"line":42,"column":21},"end":{"line":46,"column":null}},"5":{"start":{"line":48,"column":6},"end":{"line":52,"column":null}},"6":{"start":{"line":49,"column":8},"end":{"line":49,"column":null}},"7":{"start":{"line":51,"column":8},"end":{"line":51,"column":null}}},"fnMap":{"0":{"name":"(anonymous_0)","decl":{"start":{"line":9,"column":57},"end":{"line":9,"column":64}},"loc":{"start":{"line":9,"column":75},"end":{"line":55,"column":null}},"line":9},"1":{"name":"(anonymous_1)","decl":{"start":{"line":38,"column":4},"end":{"line":38,"column":11}},"loc":{"start":{"line":38,"column":30},"end":{"line":53,"column":null}},"line":38}},"branchMap":{"0":{"loc":{"start":{"line":48,"column":6},"end":{"line":52,"column":null}},"type":"if","locations":[{"start":{"line":48,"column":6},"end":{"line":52,"column":null}},{"start":{"line":50,"column":13},"end":{"line":52,"column":null}}],"line":48}},"s":{"0":4,"1":4,"2":2,"3":2,"4":2,"5":2,"6":1,"7":1},"f":{"0":4,"1":2},"b":{"0":[1,1]},"meta":{"lastBranch":1,"lastFunction":2,"lastStatement":8,"seen":{"s:9:57:55:Infinity":0,"f:9:57:9:64":0,"s:10:2:54:Infinity":1,"f:38:4:38:11":1,"s:39:12:39:Infinity":2,"s:41:23:41:Infinity":3,"s:42:21:46:Infinity":4,"b:48:6:52:Infinity:50:13:52:Infinity":0,"s:48:6:52:Infinity":5,"s:49:8:49:Infinity":6,"s:51:8:51:Infinity":7}}}
,"/Users/keventonguimaraes/Documents/dev/rocketseat/nodejs/node-primeira-api/src/routes/get-courses.ts": {"path":"/Users/keventonguimaraes/Documents/dev/rocketseat/nodejs/node-primeira-api/src/routes/get-courses.ts","statementMap":{"0":{"start":{"line":9,"column":54},"end":{"line":67,"column":null}},"1":{"start":{"line":10,"column":2},"end":{"line":66,"column":null}},"2":{"start":{"line":39,"column":40},"end":{"line":39,"column":null}},"3":{"start":{"line":41,"column":32},"end":{"line":41,"column":null}},"4":{"start":{"line":43,"column":6},"end":{"line":45,"column":null}},"5":{"start":{"line":44,"column":8},"end":{"line":44,"column":null}},"6":{"start":{"line":47,"column":30},"end":{"line":62,"column":null}},"7":{"start":{"line":64,"column":6},"end":{"line":64,"column":null}}},"fnMap":{"0":{"name":"(anonymous_0)","decl":{"start":{"line":9,"column":54},"end":{"line":9,"column":61}},"loc":{"start":{"line":9,"column":72},"end":{"line":67,"column":null}},"line":9},"1":{"name":"(anonymous_1)","decl":{"start":{"line":38,"column":4},"end":{"line":38,"column":11}},"loc":{"start":{"line":38,"column":30},"end":{"line":65,"column":null}},"line":38}},"branchMap":{"0":{"loc":{"start":{"line":43,"column":6},"end":{"line":45,"column":null}},"type":"if","locations":[{"start":{"line":43,"column":6},"end":{"line":45,"column":null}},{"start":{},"end":{}}],"line":43}},"s":{"0":4,"1":4,"2":1,"3":1,"4":1,"5":1,"6":1,"7":1},"f":{"0":4,"1":1},"b":{"0":[1,0]},"meta":{"lastBranch":1,"lastFunction":2,"lastStatement":8,"seen":{"s:9:54:67:Infinity":0,"f:9:54:9:61":0,"s:10:2:66:Infinity":1,"f:38:4:38:11":1,"s:39:40:39:Infinity":2,"s:41:32:41:Infinity":3,"b:43:6:45:Infinity:undefined:undefined:undefined:undefined":0,"s:43:6:45:Infinity":4,"s:44:8:44:Infinity":5,"s:47:30:62:Infinity":6,"s:64:6:64:Infinity":7}}}
,"/Users/keventonguimaraes/Documents/dev/rocketseat/nodejs/node-primeira-api/src/routes/login.ts": {"path":"/Users/keventonguimaraes/Documents/dev/rocketseat/nodejs/node-primeira-api/src/routes/login.ts","statementMap":{"0":{"start":{"line":9,"column":49},"end":{"line":65,"column":null}},"1":{"start":{"line":10,"column":2},"end":{"line":64,"column":null}},"2":{"start":{"line":31,"column":34},"end":{"line":31,"column":null}},"3":{"start":{"line":33,"column":21},"end":{"line":36,"column":null}},"4":{"start":{"line":38,"column":6},"end":{"line":40,"column":null}},"5":{"start":{"line":39,"column":8},"end":{"line":39,"column":null}},"6":{"start":{"line":42,"column":19},"end":{"line":42,"column":null}},"7":{"start":{"line":44,"column":32},"end":{"line":44,"column":null}},"8":{"start":{"line":46,"column":6},"end":{"line":48,"column":null}},"9":{"start":{"line":47,"column":8},"end":{"line":47,"column":null}},"10":{"start":{"line":50,"column":6},"end":{"line":52,"column":null}},"11":{"start":{"line":51,"column":8},"end":{"line":51,"column":null}},"12":{"start":{"line":54,"column":20},"end":{"line":60,"column":null}},"13":{"start":{"line":62,"column":6},"end":{"line":62,"column":null}}},"fnMap":{"0":{"name":"(anonymous_0)","decl":{"start":{"line":9,"column":49},"end":{"line":9,"column":56}},"loc":{"start":{"line":9,"column":67},"end":{"line":65,"column":null}},"line":9},"1":{"name":"(anonymous_1)","decl":{"start":{"line":30,"column":4},"end":{"line":30,"column":11}},"loc":{"start":{"line":30,"column":30},"end":{"line":63,"column":null}},"line":30}},"branchMap":{"0":{"loc":{"start":{"line":38,"column":6},"end":{"line":40,"column":null}},"type":"if","locations":[{"start":{"line":38,"column":6},"end":{"line":40,"column":null}},{"start":{},"end":{}}],"line":38},"1":{"loc":{"start":{"line":46,"column":6},"end":{"line":48,"column":null}},"type":"if","locations":[{"start":{"line":46,"column":6},"end":{"line":48,"column":null}},{"start":{},"end":{}}],"line":46},"2":{"loc":{"start":{"line":50,"column":6},"end":{"line":52,"column":null}},"type":"if","locations":[{"start":{"line":50,"column":6},"end":{"line":52,"column":null}},{"start":{},"end":{}}],"line":50}},"s":{"0":4,"1":4,"2":1,"3":1,"4":1,"5":0,"6":1,"7":1,"8":1,"9":0,"10":1,"11":0,"12":1,"13":1},"f":{"0":4,"1":1},"b":{"0":[0,1],"1":[0,1],"2":[0,1]},"meta":{"lastBranch":3,"lastFunction":2,"lastStatement":14,"seen":{"s:9:49:65:Infinity":0,"f:9:49:9:56":0,"s:10:2:64:Infinity":1,"f:30:4:30:11":1,"s:31:34:31:Infinity":2,"s:33:21:36:Infinity":3,"b:38:6:40:Infinity:undefined:undefined:undefined:undefined":0,"s:38:6:40:Infinity":4,"s:39:8:39:Infinity":5,"s:42:19:42:Infinity":6,"s:44:32:44:Infinity":7,"b:46:6:48:Infinity:undefined:undefined:undefined:undefined":1,"s:46:6:48:Infinity":8,"s:47:8:47:Infinity":9,"b:50:6:52:Infinity:undefined:undefined:undefined:undefined":2,"s:50:6:52:Infinity":10,"s:51:8:51:Infinity":11,"s:54:20:60:Infinity":12,"s:62:6:62:Infinity":13}}}
,"/Users/keventonguimaraes/Documents/dev/rocketseat/nodejs/node-primeira-api/src/routes/hooks/check-request-jwt.ts": {"path":"/Users/keventonguimaraes/Documents/dev/rocketseat/nodejs/node-primeira-api/src/routes/hooks/check-request-jwt.ts","statementMap":{"0":{"start":{"line":13,"column":16},"end":{"line":13,"column":null}},"1":{"start":{"line":15,"column":2},"end":{"line":17,"column":null}},"2":{"start":{"line":16,"column":4},"end":{"line":16,"column":null}},"3":{"start":{"line":19,"column":2},"end":{"line":21,"column":null}},"4":{"start":{"line":20,"column":4},"end":{"line":20,"column":null}},"5":{"start":{"line":23,"column":2},"end":{"line":29,"column":null}},"6":{"start":{"line":24,"column":20},"end":{"line":24,"column":null}},"7":{"start":{"line":26,"column":4},"end":{"line":26,"column":null}},"8":{"start":{"line":28,"column":4},"end":{"line":28,"column":null}}},"fnMap":{"0":{"name":"checkRequestJWT","decl":{"start":{"line":9,"column":22},"end":{"line":9,"column":null}},"loc":{"start":{"line":12,"column":2},"end":{"line":30,"column":null}},"line":12}},"branchMap":{"0":{"loc":{"start":{"line":15,"column":2},"end":{"line":17,"column":null}},"type":"if","locations":[{"start":{"line":15,"column":2},"end":{"line":17,"column":null}},{"start":{},"end":{}}],"line":15},"1":{"loc":{"start":{"line":19,"column":2},"end":{"line":21,"column":null}},"type":"if","locations":[{"start":{"line":19,"column":2},"end":{"line":21,"column":null}},{"start":{},"end":{}}],"line":19}},"s":{"0":4,"1":4,"2":0,"3":4,"4":0,"5":4,"6":4,"7":4,"8":0},"f":{"0":4},"b":{"0":[0,4],"1":[0,4]},"meta":{"lastBranch":2,"lastFunction":1,"lastStatement":9,"seen":{"f:9:22:9:Infinity":0,"s:13:16:13:Infinity":0,"b:15:2:17:Infinity:undefined:undefined:undefined:undefined":0,"s:15:2:17:Infinity":1,"s:16:4:16:Infinity":2,"b:19:2:21:Infinity:undefined:undefined:undefined:undefined":1,"s:19:2:21:Infinity":3,"s:20:4:20:Infinity":4,"s:23:2:29:Infinity":5,"s:24:20:24:Infinity":6,"s:26:4:26:Infinity":7,"s:28:4:28:Infinity":8}}}
,"/Users/keventonguimaraes/Documents/dev/rocketseat/nodejs/node-primeira-api/src/routes/hooks/check-user-role.ts": {"path":"/Users/keventonguimaraes/Documents/dev/rocketseat/nodejs/node-primeira-api/src/routes/hooks/check-user-role.ts","statementMap":{"0":{"start":{"line":5,"column":2},"end":{"line":11,"column":null}},"1":{"start":{"line":6,"column":10},"end":{"line":6,"column":null}},"2":{"start":{"line":8,"column":4},"end":{"line":10,"column":null}},"3":{"start":{"line":9,"column":6},"end":{"line":9,"column":null}}},"fnMap":{"0":{"name":"checkUserRole","decl":{"start":{"line":4,"column":16},"end":{"line":4,"column":30}},"loc":{"start":{"line":4,"column":59},"end":{"line":12,"column":null}},"line":4},"1":{"name":"(anonymous_1)","decl":{"start":{"line":5,"column":9},"end":{"line":5,"column":25}},"loc":{"start":{"line":5,"column":71},"end":{"line":11,"column":null}},"line":5}},"branchMap":{"0":{"loc":{"start":{"line":8,"column":4},"end":{"line":10,"column":null}},"type":"if","locations":[{"start":{"line":8,"column":4},"end":{"line":10,"column":null}},{"start":{},"end":{}}],"line":8}},"s":{"0":8,"1":2,"2":2,"3":0},"f":{"0":8,"1":2},"b":{"0":[0,2]},"meta":{"lastBranch":1,"lastFunction":2,"lastStatement":4,"seen":{"f:4:16:4:30":0,"s:5:2:11:Infinity":0,"f:5:9:5:25":1,"s:6:10:6:Infinity":1,"b:8:4:10:Infinity:undefined:undefined:undefined:undefined":0,"s:8:4:10:Infinity":2,"s:9:6:9:Infinity":3}}}
,"/Users/keventonguimaraes/Documents/dev/rocketseat/nodejs/node-primeira-api/src/tests/factories/make-course.ts": {"path":"/Users/keventonguimaraes/Documents/dev/rocketseat/nodejs/node-primeira-api/src/tests/factories/make-course.ts","statementMap":{"0":{"start":{"line":6,"column":17},"end":{"line":11,"column":null}},"1":{"start":{"line":12,"column":2},"end":{"line":12,"column":null}}},"fnMap":{"0":{"name":"makeCourse","decl":{"start":{"line":5,"column":22},"end":{"line":5,"column":33}},"loc":{"start":{"line":5,"column":49},"end":{"line":13,"column":null}},"line":5}},"branchMap":{"0":{"loc":{"start":{"line":9,"column":13},"end":{"line":9,"column":null}},"type":"binary-expr","locations":[{"start":{"line":9,"column":13},"end":{"line":9,"column":22}},{"start":{"line":9,"column":22},"end":{"line":9,"column":null}}],"line":9}},"s":{"0":2,"1":2},"f":{"0":2},"b":{"0":[2,1]},"meta":{"lastBranch":1,"lastFunction":1,"lastStatement":2,"seen":{"f:5:22:5:33":0,"s:6:17:11:Infinity":0,"b:9:13:9:22:9:22:9:Infinity":0,"s:12:2:12:Infinity":1}}}
,"/Users/keventonguimaraes/Documents/dev/rocketseat/nodejs/node-primeira-api/src/tests/factories/make-user.ts": {"path":"/Users/keventonguimaraes/Documents/dev/rocketseat/nodejs/node-primeira-api/src/tests/factories/make-user.ts","statementMap":{"0":{"start":{"line":9,"column":8},"end":{"line":9,"column":null}},"1":{"start":{"line":11,"column":17},"end":{"line":19,"column":null}},"2":{"start":{"line":21,"column":2},"end":{"line":24,"column":null}},"3":{"start":{"line":28,"column":19},"end":{"line":28,"column":null}},"4":{"start":{"line":30,"column":2},"end":{"line":32,"column":null}},"5":{"start":{"line":31,"column":4},"end":{"line":31,"column":null}},"6":{"start":{"line":34,"column":16},"end":{"line":37,"column":null}},"7":{"start":{"line":39,"column":2},"end":{"line":42,"column":null}}},"fnMap":{"0":{"name":"makeUser","decl":{"start":{"line":8,"column":22},"end":{"line":8,"column":31}},"loc":{"start":{"line":8,"column":61},"end":{"line":25,"column":null}},"line":8},"1":{"name":"makeAuthenticateUser","decl":{"start":{"line":27,"column":22},"end":{"line":27,"column":43}},"loc":{"start":{"line":27,"column":72},"end":{"line":43,"column":null}},"line":27}},"branchMap":{"0":{"loc":{"start":{"line":30,"column":2},"end":{"line":32,"column":null}},"type":"if","locations":[{"start":{"line":30,"column":2},"end":{"line":32,"column":null}},{"start":{},"end":{}}],"line":30}},"s":{"0":5,"1":5,"2":5,"3":4,"4":4,"5":0,"6":4,"7":4},"f":{"0":5,"1":4},"b":{"0":[0,4]},"meta":{"lastBranch":1,"lastFunction":2,"lastStatement":8,"seen":{"f:8:22:8:31":0,"s:9:8:9:Infinity":0,"s:11:17:19:Infinity":1,"s:21:2:24:Infinity":2,"f:27:22:27:43":1,"s:28:19:28:Infinity":3,"b:30:2:32:Infinity:undefined:undefined:undefined:undefined":0,"s:30:2:32:Infinity":4,"s:31:4:31:Infinity":5,"s:34:16:37:Infinity":6,"s:39:2:42:Infinity":7}}}
,"/Users/keventonguimaraes/Documents/dev/rocketseat/nodejs/node-primeira-api/src/utils/get-authenticated-user-from-request.ts": {"path":"/Users/keventonguimaraes/Documents/dev/rocketseat/nodejs/node-primeira-api/src/utils/get-authenticated-user-from-request.ts","statementMap":{"0":{"start":{"line":4,"column":15},"end":{"line":4,"column":null}},"1":{"start":{"line":6,"column":2},"end":{"line":8,"column":null}},"2":{"start":{"line":7,"column":4},"end":{"line":7,"column":null}},"3":{"start":{"line":10,"column":2},"end":{"line":10,"column":null}}},"fnMap":{"0":{"name":"getAuthenticatedUserFromRequest","decl":{"start":{"line":3,"column":16},"end":{"line":3,"column":48}},"loc":{"start":{"line":3,"column":73},"end":{"line":11,"column":null}},"line":3}},"branchMap":{"0":{"loc":{"start":{"line":6,"column":2},"end":{"line":8,"column":null}},"type":"if","locations":[{"start":{"line":6,"column":2},"end":{"line":8,"column":null}},{"start":{},"end":{}}],"line":6}},"s":{"0":4,"1":4,"2":0,"3":4},"f":{"0":4},"b":{"0":[0,4]},"meta":{"lastBranch":1,"lastFunction":1,"lastStatement":4,"seen":{"f:3:16:3:48":0,"s:4:15:4:Infinity":0,"b:6:2:8:Infinity:undefined:undefined:undefined:undefined":0,"s:6:2:8:Infinity":1,"s:7:4:7:Infinity":2,"s:10:2:10:Infinity":3}}}
}
