{"/Users/keventonguimaraes/Documents/dev/rocketseat/nodejs/node-primeira-api/src/app.ts": {"path":"/Users/keventonguimaraes/Documents/dev/rocketseat/nodejs/node-primeira-api/src/app.ts","statementMap":{"0":{"start":{"line":15,"column":6},"end":{"line":17,"column":null}},"1":{"start":{"line":19,"column":0},"end":{"line":36,"column":null}},"2":{"start":{"line":20,"column":2},"end":{"line":28,"column":null}},"3":{"start":{"line":30,"column":2},"end":{"line":35,"column":null}},"4":{"start":{"line":42,"column":0},"end":{"line":42,"column":null}},"5":{"start":{"line":43,"column":0},"end":{"line":43,"column":null}},"6":{"start":{"line":44,"column":0},"end":{"line":44,"column":null}},"7":{"start":{"line":46,"column":0},"end":{"line":46,"column":null}},"8":{"start":{"line":47,"column":0},"end":{"line":47,"column":null}}},"fnMap":{},"branchMap":{"0":{"loc":{"start":{"line":19,"column":0},"end":{"line":36,"column":null}},"type":"if","locations":[{"start":{"line":19,"column":0},"end":{"line":36,"column":null}},{"start":{},"end":{}}],"line":19}},"s":{"0":3,"1":3,"2":0,"3":0,"4":3,"5":3,"6":3,"7":3,"8":3},"f":{},"b":{"0":[0,3]},"meta":{"lastBranch":1,"lastFunction":0,"lastStatement":9,"seen":{"s:15:6:17:Infinity":0,"b:19:0:36:Infinity:undefined:undefined:undefined:undefined":0,"s:19:0:36:Infinity":1,"s:20:2:28:Infinity":2,"s:30:2:35:Infinity":3,"s:42:0:42:Infinity":4,"s:43:0:43:Infinity":5,"s:44:0:44:Infinity":6,"s:46:0:46:Infinity":7,"s:47:0:47:Infinity":8}}}
,"/Users/keventonguimaraes/Documents/dev/rocketseat/nodejs/node-primeira-api/src/database/client.ts": {"path":"/Users/keventonguimaraes/Documents/dev/rocketseat/nodejs/node-primeira-api/src/database/client.ts","statementMap":{"0":{"start":{"line":3,"column":13},"end":{"line":5,"column":null}}},"fnMap":{},"branchMap":{"0":{"loc":{"start":{"line":4,"column":10},"end":{"line":4,"column":null}},"type":"cond-expr","locations":[{"start":{"line":4,"column":51},"end":{"line":4,"column":58}},{"start":{"line":4,"column":58},"end":{"line":4,"column":null}}],"line":4}},"s":{"0":3},"f":{},"b":{"0":[0,3]},"meta":{"lastBranch":1,"lastFunction":0,"lastStatement":1,"seen":{"s:3:13:5:Infinity":0,"b:4:51:4:58:4:58:4:Infinity":0}}}
,"/Users/keventonguimaraes/Documents/dev/rocketseat/nodejs/node-primeira-api/src/database/schema.ts": {"path":"/Users/keventonguimaraes/Documents/dev/rocketseat/nodejs/node-primeira-api/src/database/schema.ts","statementMap":{"0":{"start":{"line":7,"column":13},"end":{"line":11,"column":null}},"1":{"start":{"line":13,"column":13},"end":{"line":17,"column":null}},"2":{"start":{"line":19,"column":13},"end":{"line":28,"column":null}},"3":{"start":{"line":23,"column":36},"end":{"line":23,"column":44}},"4":{"start":{"line":24,"column":38},"end":{"line":24,"column":48}},"5":{"start":{"line":27,"column":13},"end":{"line":27,"column":null}}},"fnMap":{"0":{"name":"(anonymous_0)","decl":{"start":{"line":23,"column":30},"end":{"line":23,"column":36}},"loc":{"start":{"line":23,"column":36},"end":{"line":23,"column":44}},"line":23},"1":{"name":"(anonymous_1)","decl":{"start":{"line":24,"column":32},"end":{"line":24,"column":38}},"loc":{"start":{"line":24,"column":38},"end":{"line":24,"column":48}},"line":24},"2":{"name":"(anonymous_2)","decl":{"start":{"line":27,"column":2},"end":{"line":27,"column":3}},"loc":{"start":{"line":27,"column":13},"end":{"line":27,"column":null}},"line":27}},"branchMap":{},"s":{"0":3,"1":3,"2":3,"3":0,"4":0,"5":0},"f":{"0":0,"1":0,"2":0},"b":{},"meta":{"lastBranch":0,"lastFunction":3,"lastStatement":6,"seen":{"s:7:13:11:Infinity":0,"s:13:13:17:Infinity":1,"s:19:13:28:Infinity":2,"f:23:30:23:36":0,"s:23:36:23:44":3,"f:24:32:24:38":1,"s:24:38:24:48":4,"f:27:2:27:3":2,"s:27:13:27:Infinity":5}}}
,"/Users/keventonguimaraes/Documents/dev/rocketseat/nodejs/node-primeira-api/src/routes/create-course.ts": {"path":"/Users/keventonguimaraes/Documents/dev/rocketseat/nodejs/node-primeira-api/src/routes/create-course.ts","statementMap":{"0":{"start":{"line":6,"column":56},"end":{"line":38,"column":null}},"1":{"start":{"line":7,"column":2},"end":{"line":37,"column":null}},"2":{"start":{"line":27,"column":26},"end":{"line":27,"column":null}},"3":{"start":{"line":29,"column":21},"end":{"line":34,"column":null}},"4":{"start":{"line":35,"column":6},"end":{"line":35,"column":null}}},"fnMap":{"0":{"name":"(anonymous_0)","decl":{"start":{"line":6,"column":56},"end":{"line":6,"column":63}},"loc":{"start":{"line":6,"column":74},"end":{"line":38,"column":null}},"line":6},"1":{"name":"(anonymous_1)","decl":{"start":{"line":26,"column":4},"end":{"line":26,"column":11}},"loc":{"start":{"line":26,"column":30},"end":{"line":36,"column":null}},"line":26}},"branchMap":{},"s":{"0":3,"1":3,"2":1,"3":1,"4":1},"f":{"0":3,"1":1},"b":{},"meta":{"lastBranch":0,"lastFunction":2,"lastStatement":5,"seen":{"s:6:56:38:Infinity":0,"f:6:56:6:63":0,"s:7:2:37:Infinity":1,"f:26:4:26:11":1,"s:27:26:27:Infinity":2,"s:29:21:34:Infinity":3,"s:35:6:35:Infinity":4}}}
,"/Users/keventonguimaraes/Documents/dev/rocketseat/nodejs/node-primeira-api/src/routes/get-course-by-id.ts": {"path":"/Users/keventonguimaraes/Documents/dev/rocketseat/nodejs/node-primeira-api/src/routes/get-course-by-id.ts","statementMap":{"0":{"start":{"line":7,"column":57},"end":{"line":50,"column":null}},"1":{"start":{"line":8,"column":2},"end":{"line":49,"column":null}},"2":{"start":{"line":36,"column":23},"end":{"line":36,"column":null}},"3":{"start":{"line":37,"column":21},"end":{"line":41,"column":null}},"4":{"start":{"line":43,"column":6},"end":{"line":47,"column":null}},"5":{"start":{"line":44,"column":8},"end":{"line":44,"column":null}},"6":{"start":{"line":46,"column":8},"end":{"line":46,"column":null}}},"fnMap":{"0":{"name":"(anonymous_0)","decl":{"start":{"line":7,"column":57},"end":{"line":7,"column":64}},"loc":{"start":{"line":7,"column":75},"end":{"line":50,"column":null}},"line":7},"1":{"name":"(anonymous_1)","decl":{"start":{"line":35,"column":4},"end":{"line":35,"column":11}},"loc":{"start":{"line":35,"column":30},"end":{"line":48,"column":null}},"line":35}},"branchMap":{"0":{"loc":{"start":{"line":43,"column":6},"end":{"line":47,"column":null}},"type":"if","locations":[{"start":{"line":43,"column":6},"end":{"line":47,"column":null}},{"start":{"line":45,"column":13},"end":{"line":47,"column":null}}],"line":43}},"s":{"0":3,"1":3,"2":2,"3":2,"4":2,"5":1,"6":1},"f":{"0":3,"1":2},"b":{"0":[1,1]},"meta":{"lastBranch":1,"lastFunction":2,"lastStatement":7,"seen":{"s:7:57:50:Infinity":0,"f:7:57:7:64":0,"s:8:2:49:Infinity":1,"f:35:4:35:11":1,"s:36:23:36:Infinity":2,"s:37:21:41:Infinity":3,"b:43:6:47:Infinity:45:13:47:Infinity":0,"s:43:6:47:Infinity":4,"s:44:8:44:Infinity":5,"s:46:8:46:Infinity":6}}}
,"/Users/keventonguimaraes/Documents/dev/rocketseat/nodejs/node-primeira-api/src/routes/get-courses.ts": {"path":"/Users/keventonguimaraes/Documents/dev/rocketseat/nodejs/node-primeira-api/src/routes/get-courses.ts","statementMap":{"0":{"start":{"line":7,"column":54},"end":{"line":64,"column":null}},"1":{"start":{"line":8,"column":2},"end":{"line":63,"column":null}},"2":{"start":{"line":36,"column":40},"end":{"line":36,"column":null}},"3":{"start":{"line":38,"column":32},"end":{"line":38,"column":null}},"4":{"start":{"line":40,"column":6},"end":{"line":42,"column":null}},"5":{"start":{"line":41,"column":8},"end":{"line":41,"column":null}},"6":{"start":{"line":44,"column":30},"end":{"line":59,"column":null}},"7":{"start":{"line":61,"column":6},"end":{"line":61,"column":null}}},"fnMap":{"0":{"name":"(anonymous_0)","decl":{"start":{"line":7,"column":54},"end":{"line":7,"column":61}},"loc":{"start":{"line":7,"column":72},"end":{"line":64,"column":null}},"line":7},"1":{"name":"(anonymous_1)","decl":{"start":{"line":35,"column":4},"end":{"line":35,"column":11}},"loc":{"start":{"line":35,"column":30},"end":{"line":62,"column":null}},"line":35}},"branchMap":{"0":{"loc":{"start":{"line":40,"column":6},"end":{"line":42,"column":null}},"type":"if","locations":[{"start":{"line":40,"column":6},"end":{"line":42,"column":null}},{"start":{},"end":{}}],"line":40}},"s":{"0":3,"1":3,"2":1,"3":1,"4":1,"5":1,"6":1,"7":1},"f":{"0":3,"1":1},"b":{"0":[1,0]},"meta":{"lastBranch":1,"lastFunction":2,"lastStatement":8,"seen":{"s:7:54:64:Infinity":0,"f:7:54:7:61":0,"s:8:2:63:Infinity":1,"f:35:4:35:11":1,"s:36:40:36:Infinity":2,"s:38:32:38:Infinity":3,"b:40:6:42:Infinity:undefined:undefined:undefined:undefined":0,"s:40:6:42:Infinity":4,"s:41:8:41:Infinity":5,"s:44:30:59:Infinity":6,"s:61:6:61:Infinity":7}}}
,"/Users/keventonguimaraes/Documents/dev/rocketseat/nodejs/node-primeira-api/src/tests/factories/make-course.ts": {"path":"/Users/keventonguimaraes/Documents/dev/rocketseat/nodejs/node-primeira-api/src/tests/factories/make-course.ts","statementMap":{"0":{"start":{"line":6,"column":17},"end":{"line":11,"column":null}},"1":{"start":{"line":12,"column":2},"end":{"line":12,"column":null}}},"fnMap":{"0":{"name":"makeCourse","decl":{"start":{"line":5,"column":22},"end":{"line":5,"column":33}},"loc":{"start":{"line":5,"column":49},"end":{"line":13,"column":null}},"line":5}},"branchMap":{"0":{"loc":{"start":{"line":9,"column":13},"end":{"line":9,"column":null}},"type":"binary-expr","locations":[{"start":{"line":9,"column":13},"end":{"line":9,"column":22}},{"start":{"line":9,"column":22},"end":{"line":9,"column":null}}],"line":9}},"s":{"0":2,"1":2},"f":{"0":2},"b":{"0":[2,1]},"meta":{"lastBranch":1,"lastFunction":1,"lastStatement":2,"seen":{"f:5:22:5:33":0,"s:6:17:11:Infinity":0,"b:9:13:9:22:9:22:9:Infinity":0,"s:12:2:12:Infinity":1}}}
}
